Using pre-set license
Built from '2020.3/staging' branch; Version is '2020.3.22f1 (e1a7f79fd887) revision 14788599'; Using compiler version '192528614'; Build Type 'Release'
OS: 'Windows 10 Home; OS build 22000.434; Version 2009; 64bit' Language: 'en' Physical Memory: 32547 MB
BatchMode: 1, IsHumanControllingUs: 0, StartBugReporterOnCrash: 0, Is64bit: 1, IsPro: 0

COMMAND LINE ARGUMENTS:
C:\Program Files\Unity\Hub\Editor\2020.3.22f1\Editor\Unity.exe
-adb2
-batchMode
-noUpm
-name
AssetImportWorker0
-projectPath
C:/Users/overw/OneDrive/Desktop/RPGBots
-logFile
Logs/AssetImportWorker0.log
-srvPort
55884
Successfully changed project path to: C:/Users/overw/OneDrive/Desktop/RPGBots
C:/Users/overw/OneDrive/Desktop/RPGBots
Using Asset Import Pipeline V2.
Refreshing native plugins compatible for Editor in 23.69 ms, found 2 plugins.
Preloading 0 native plugins for Editor in 0.00 ms.
Initialize engine version: 2020.3.22f1 (e1a7f79fd887)
[Subsystems] Discovering subsystems at path C:/Program Files/Unity/Hub/Editor/2020.3.22f1/Editor/Data/Resources/UnitySubsystems
[Subsystems] Discovering subsystems at path C:/Users/overw/OneDrive/Desktop/RPGBots/Assets
GfxDevice: creating device client; threaded=0
Direct3D:
    Version:  Direct3D 11.0 [level 11.1]
    Renderer: NVIDIA GeForce RTX 3060 Laptop GPU (ID=0x2520)
    Vendor:   
    VRAM:     6023 MB
    Driver:   30.0.14.7141
Initialize mono
Mono path[0] = 'C:/Program Files/Unity/Hub/Editor/2020.3.22f1/Editor/Data/Managed'
Mono path[1] = 'C:/Program Files/Unity/Hub/Editor/2020.3.22f1/Editor/Data/MonoBleedingEdge/lib/mono/unityjit'
Mono config path = 'C:/Program Files/Unity/Hub/Editor/2020.3.22f1/Editor/Data/MonoBleedingEdge/etc'
Using monoOptions --debugger-agent=transport=dt_socket,embedding=1,server=y,suspend=n,address=127.0.0.1:56520
Begin MonoManager ReloadAssembly
Registering precompiled unity dll's ...
Register platform support module: C:/Program Files/Unity/Hub/Editor/2020.3.22f1/Editor/Data/PlaybackEngines/WindowsStandaloneSupport/UnityEditor.WindowsStandalone.Extensions.dll
Registered in 0.000881 seconds.
Native extension for WindowsStandalone target not found
Refreshing native plugins compatible for Editor in 23.47 ms, found 2 plugins.
Preloading 0 native plugins for Editor in 0.00 ms.
Mono: successfully reloaded assembly
- Completed reload, in  1.336 seconds
Domain Reload Profiling:
	ReloadAssembly (1336ms)
		BeginReloadAssembly (34ms)
			ExecutionOrderSort (0ms)
			DisableScriptedObjects (0ms)
			BackupInstance (0ms)
			ReleaseScriptingObjects (0ms)
			CreateAndSetChildDomain (1ms)
		EndReloadAssembly (315ms)
			LoadAssemblies (33ms)
			RebuildTransferFunctionScriptingTraits (0ms)
			SetupTypeCache (108ms)
			ReleaseScriptCaches (0ms)
			RebuildScriptCaches (21ms)
			SetupLoadedEditorAssemblies (116ms)
				LogAssemblyErrors (0ms)
				InitializePlatformSupportModulesInManaged (3ms)
				SetLoadedEditorAssemblies (0ms)
				RefreshPlugins (24ms)
				BeforeProcessingInitializeOnLoad (12ms)
				ProcessInitializeOnLoadAttributes (57ms)
				ProcessInitializeOnLoadMethodAttributes (20ms)
				AfterProcessingInitializeOnLoad (0ms)
				EditorAssembliesLoaded (0ms)
			ExecutionOrderSort2 (0ms)
			AwakeInstancesAfterBackupRestoration (0ms)
Platform modules already initialized, skipping
Registering precompiled user dll's ...
Registered in 0.002351 seconds.
Begin MonoManager ReloadAssembly
Native extension for WindowsStandalone target not found
Refreshing native plugins compatible for Editor in 0.37 ms, found 2 plugins.
Preloading 0 native plugins for Editor in 0.00 ms.
Mono: successfully reloaded assembly
- Completed reload, in  0.756 seconds
Domain Reload Profiling:
	ReloadAssembly (757ms)
		BeginReloadAssembly (101ms)
			ExecutionOrderSort (0ms)
			DisableScriptedObjects (3ms)
			BackupInstance (0ms)
			ReleaseScriptingObjects (0ms)
			CreateAndSetChildDomain (16ms)
		EndReloadAssembly (610ms)
			LoadAssemblies (58ms)
			RebuildTransferFunctionScriptingTraits (0ms)
			SetupTypeCache (227ms)
			ReleaseScriptCaches (0ms)
			RebuildScriptCaches (33ms)
			SetupLoadedEditorAssemblies (221ms)
				LogAssemblyErrors (0ms)
				InitializePlatformSupportModulesInManaged (4ms)
				SetLoadedEditorAssemblies (0ms)
				RefreshPlugins (0ms)
				BeforeProcessingInitializeOnLoad (58ms)
				ProcessInitializeOnLoadAttributes (149ms)
				ProcessInitializeOnLoadMethodAttributes (6ms)
				AfterProcessingInitializeOnLoad (3ms)
				EditorAssembliesLoaded (0ms)
			ExecutionOrderSort2 (0ms)
			AwakeInstancesAfterBackupRestoration (5ms)
Platform modules already initialized, skipping
========================================================================
Worker process is ready to serve import requests
Launched and connected shader compiler UnityShaderCompiler.exe after 0.03 seconds
Refreshing native plugins compatible for Editor in 0.34 ms, found 2 plugins.
Preloading 0 native plugins for Editor in 0.00 ms.
Unloading 1488 Unused Serialized files (Serialized files now loaded: 0)
System memory in use before: 67.1 MB.
System memory in use after: 67.2 MB.

Unloading 19 unused Assets to reduce memory usage. Loaded Objects now: 1920.
Total: 2.379400 ms (FindLiveObjects: 0.109600 ms CreateObjectMapping: 0.025200 ms MarkObjects: 2.185100 ms  DeleteObjects: 0.058400 ms)

AssetImportParameters requested are different than current active one (requested -> active):
  custom:framework-win-MediaFoundation: 216162199b28c13a410421893ffa2e32 -> 
  custom:video-decoder-ogg-theora: a1e56fd34408186e4bbccfd4996cb3dc -> 
  custom:container-muxer-webm: aa71ff27fc2769a1b78a27578f13a17b -> 
  custom:container-demuxer-webm: 4f35f7cbe854078d1ac9338744f61a02 -> 
  custom:container-demuxer-ogg: 62fdf1f143b41e24485cea50d1cbac27 -> 
  custom:video-encoder-webm-vp8: eb34c28f22e8b96e1ab97ce403110664 -> 
  custom:video-decoder-webm-vp8: 9c59270c3fd7afecdb556c50c9e8de78 -> 
  custom:audio-decoder-ogg-vorbis: bf7c407c2cedff20999df2af8eb42d56 -> 
  custom:audio-encoder-webm-vorbis: bf7c407c2cedff20999df2af8eb42d56 -> 
========================================================================
Received Import Request.
  path: Assets
  artifactKey: Guid(00000000000000001000000000000000) Importer(815301076,1909f56bfc062723c751e8b465ee728b)
Start importing Assets using Guid(00000000000000001000000000000000) Importer(815301076,1909f56bfc062723c751e8b465ee728b)  -> (artifact id: '42d402b061de3733987d63b9cc3b64de') in 0.006903 seconds 
  Import took 0.008704 seconds .

========================================================================
Received Import Request.
  Time since last request: 2581.331579 seconds.
  path: Assets/Robot
  artifactKey: Guid(bba53f1459001b7429259c42dfb44a24) Importer(815301076,1909f56bfc062723c751e8b465ee728b)
Start importing Assets/Robot using Guid(bba53f1459001b7429259c42dfb44a24) Importer(815301076,1909f56bfc062723c751e8b465ee728b)  -> (artifact id: '075ab41b877dc23e7bf164a91ca40290') in 0.006514 seconds 
  Import took 0.009280 seconds .

========================================================================
Received Import Request.
  Time since last request: 0.054484 seconds.
  path: Assets/Robot/Robbot_URP_Lit.mat
  artifactKey: Guid(d067d9cdfd029884592e2a397c269132) Importer(815301076,1909f56bfc062723c751e8b465ee728b)
Start importing Assets/Robot/Robbot_URP_Lit.mat using Guid(d067d9cdfd029884592e2a397c269132) Importer(815301076,1909f56bfc062723c751e8b465ee728b)  -> (artifact id: '2eb1775be4d03ddd9434dae91d152526') in 0.263688 seconds 
  Import took 0.266503 seconds .

========================================================================
Received Import Request.
  Time since last request: 0.000223 seconds.
  path: Assets/Robot/Robot Concept.png
  artifactKey: Guid(c6fe23d1b07835441aaee233327574ad) Importer(815301076,1909f56bfc062723c751e8b465ee728b)
Start importing Assets/Robot/Robot Concept.png using Guid(c6fe23d1b07835441aaee233327574ad) Importer(815301076,1909f56bfc062723c751e8b465ee728b)  -> (artifact id: 'e3793a17a68edbd9e458637ed48811b1') in 0.042014 seconds 
  Import took 0.044179 seconds .

========================================================================
Received Import Request.
  Time since last request: 0.000214 seconds.
  path: Assets/Robot/Robot.FBX
  artifactKey: Guid(8247797b64ea331458c38fe4eac5472b) Importer(815301076,1909f56bfc062723c751e8b465ee728b)
Start importing Assets/Robot/Robot.FBX using Guid(8247797b64ea331458c38fe4eac5472b) Importer(815301076,1909f56bfc062723c751e8b465ee728b)  -> (artifact id: '98e3de1827cf2be95de097e8c0cd4303') in 0.376928 seconds 
  Import took 0.379740 seconds .

========================================================================
Received Import Request.
  Time since last request: 9.408155 seconds.
  path: Assets/Robot/Textures
  artifactKey: Guid(01da0e88e4c7ce343af98e3c97eb7eb5) Importer(815301076,1909f56bfc062723c751e8b465ee728b)
Start importing Assets/Robot/Textures using Guid(01da0e88e4c7ce343af98e3c97eb7eb5) Importer(815301076,1909f56bfc062723c751e8b465ee728b)  -> (artifact id: '4260676b227ef513300d42ba9bc8a7bc') in 0.005718 seconds 
  Import took 0.007866 seconds .

========================================================================
Received Import Request.
  Time since last request: 0.642628 seconds.
  path: Assets/Robot/Textures/Robot_AlbedoTransparency - Red.png
  artifactKey: Guid(ac15b0f74fbaf7e48aedd4346d37d3aa) Importer(815301076,1909f56bfc062723c751e8b465ee728b)
Start importing Assets/Robot/Textures/Robot_AlbedoTransparency - Red.png using Guid(ac15b0f74fbaf7e48aedd4346d37d3aa) Importer(815301076,1909f56bfc062723c751e8b465ee728b)  -> (artifact id: 'ac33372bad253ef04fb2480fa42bdc7f') in 0.012384 seconds 
  Import took 0.014829 seconds .

========================================================================
Received Import Request.
  Time since last request: 0.000167 seconds.
  path: Assets/Robot/Textures/Robot_Emission.png
  artifactKey: Guid(8055f13f1dae157478a296d79f188bb4) Importer(815301076,1909f56bfc062723c751e8b465ee728b)
Start importing Assets/Robot/Textures/Robot_Emission.png using Guid(8055f13f1dae157478a296d79f188bb4) Importer(815301076,1909f56bfc062723c751e8b465ee728b)  -> (artifact id: '0363a96e965fe9c959e4046b39d29ca2') in 0.009585 seconds 
  Import took 0.011588 seconds .

========================================================================
Received Import Request.
  Time since last request: 0.000181 seconds.
  path: Assets/Robot/Textures/Robot_AlbedoTransparency.png
  artifactKey: Guid(41b595e67c71efd44bf61bdfef35088a) Importer(815301076,1909f56bfc062723c751e8b465ee728b)
Start importing Assets/Robot/Textures/Robot_AlbedoTransparency.png using Guid(41b595e67c71efd44bf61bdfef35088a) Importer(815301076,1909f56bfc062723c751e8b465ee728b)  -> (artifact id: '649413c891769b0a783f5d5962a37688') in 0.009764 seconds 
  Import took 0.011715 seconds .

========================================================================
Received Import Request.
  Time since last request: 0.000158 seconds.
  path: Assets/Robot/Textures/Robot_MetallicSmoothness.png
  artifactKey: Guid(931834ae8755bc8478779987ba5dfb6b) Importer(815301076,1909f56bfc062723c751e8b465ee728b)
Start importing Assets/Robot/Textures/Robot_MetallicSmoothness.png using Guid(931834ae8755bc8478779987ba5dfb6b) Importer(815301076,1909f56bfc062723c751e8b465ee728b)  -> (artifact id: 'f3c81cb8edb1989a49ae20d6daca1827') in 0.011649 seconds 
  Import took 0.013912 seconds .

AssetImportWorkerClient::OnTransportError - code=2 error=End of file
